<?xml version="1.0" encoding="UTF-8"?>
<testsuite name="CardGameTest" tests="2" skipped="0" failures="0" errors="0" timestamp="2023-10-22T06:56:52" hostname="DESKTOP-DMFMU2P" time="68.606">
  <properties/>
  <testcase name="testCardGameOriginal" classname="CardGameTest" time="29.196"/>
  <testcase name="testCardGameValidCard" classname="CardGameTest" time="39.41"/>
  <system-out><![CDATA[]]></system-out>
  <system-err><![CDATA[]]></system-err>
</testsuite>
